finish load from path: ../network_weights/yolov3.weights
load:../checkpoints/debug/epoch_253.pt
start Validation Epoch: 253
(333, 500, 3)
(364, 480, 3)
tensor([0.5083, 0.5311, 0.5991, 0.4792, 0.9982, 0.9945, 6.0000],
       device='cuda:0')
000012
(83, 0)
tensor([254.1548, 182.5700, 299.5291, 239.6247,   0.9982,   0.9945,   6.0000],
       device='cuda:0')
1
car
[[254.15477 182.57004 299.52914 239.62468]
 [257.01315 181.95679 181.08388 134.92778]]
[[252.5 182.5 195.  173. ]]
0.47001321193763546
0.7242699301541425
1
car
[[254.15477 182.57004 299.52914 239.62468]
 [257.01315 181.95679 181.08388 134.92778]]
[[252.5 182.5 195.  173. ]]
0.47001321193763546
0.7242699301541425
1
car
[[254.15477 182.57004 299.52914 239.62468]
 [257.01315 181.95679 181.08388 134.92778]]
[[252.5 182.5 195.  173. ]]
0.47001321193763546
0.7242699301541425
tensor([ 0.5155,  0.5755,  0.4407,  0.4681,  0.9318,  0.8433, 12.0000],
       device='cuda:0')
000017
(58, 0)
tensor([247.4572, 218.2446, 211.5385, 224.6699,   0.9318,   0.8433,  12.0000],
       device='cuda:0')
2
horse
[[247.45717 218.24457 211.53851 224.6699 ]
 [253.01135 213.77472 342.87073 377.18707]]
[[245.5 206.  313.  258. ]]
0.5885323792010303
person
[[195.90712  104.353546  68.44501   89.5317  ]
 [195.01506  133.13127  109.94768  134.7424  ]
 [198.6381   131.10637  167.89027  242.42357 ]]
[[231.  129.5  94.  137. ]]
0.27206292384392555
0.4600997856131861
0.31640843381391703
2
horse
[[247.45717 218.24457 211.53851 224.6699 ]
 [253.01135 213.77472 342.87073 377.18707]]
[[245.5 206.  313.  258. ]]
0.5885323792010303
0.6244200418273047
person
[[195.90712  104.353546  68.44501   89.5317  ]
 [195.01506  133.13127  109.94768  134.7424  ]
 [198.6381   131.10637  167.89027  242.42357 ]]
[[231.  129.5  94.  137. ]]
0.27206292384392555
0.4600997856131861
0.31640843381391703
2
horse
[[247.45717 218.24457 211.53851 224.6699 ]
 [253.01135 213.77472 342.87073 377.18707]]
[[245.5 206.  313.  258. ]]
0.5885323792010303
0.6244200418273047
person
[[195.90712  104.353546  68.44501   89.5317  ]
 [195.01506  133.13127  109.94768  134.7424  ]
 [198.6381   131.10637  167.89027  242.42357 ]]
[[231.  129.5  94.  137. ]]
0.27206292384392555
0.4600997856131861
0.31640843381391703
finish load from path: ../network_weights/yolov3.weights
load:../checkpoints/debug/epoch_253.pt
start Validation Epoch: 253
(333, 500, 3)
(364, 480, 3)
tensor([0.5083, 0.5311, 0.5991, 0.4792, 0.9982, 0.9945, 6.0000],
       device='cuda:0')
000012
(83, 0)
tensor([254.1548, 182.5700, 299.5291, 239.6247,   0.9982,   0.9945,   6.0000],
       device='cuda:0')
1
car
[[254.15477 182.57004 299.52914 239.62468]
 [257.01315 181.95679 181.08388 134.92778]]
[[252.5 182.5 195.  173. ]]
0.47001321193763546
0.7242699301541425
0.0
1
car
[[254.15477 182.57004 299.52914 239.62468]
 [257.01315 181.95679 181.08388 134.92778]]
[[252.5 182.5 195.  173. ]]
0.47001321193763546
0.7242699301541425
0.0
1
car
[[254.15477 182.57004 299.52914 239.62468]
 [257.01315 181.95679 181.08388 134.92778]]
[[252.5 182.5 195.  173. ]]
0.47001321193763546
0.7242699301541425
0.0
tensor([ 0.5155,  0.5755,  0.4407,  0.4681,  0.9318,  0.8433, 12.0000],
       device='cuda:0')
000017
(58, 0)
tensor([247.4572, 218.2446, 211.5385, 224.6699,   0.9318,   0.8433,  12.0000],
       device='cuda:0')
2
horse
[[247.45717 218.24457 211.53851 224.6699 ]
 [253.01135 213.77472 342.87073 377.18707]]
[[245.5 206.  313.  258. ]]
0.5885323792010303
person
[[195.90712  104.353546  68.44501   89.5317  ]
 [195.01506  133.13127  109.94768  134.7424  ]
 [198.6381   131.10637  167.89027  242.42357 ]]
[[231.  129.5  94.  137. ]]
0.27206292384392555
0.4600997856131861
0.31640843381391703
0.0
2
horse
[[247.45717 218.24457 211.53851 224.6699 ]
 [253.01135 213.77472 342.87073 377.18707]]
[[245.5 206.  313.  258. ]]
0.5885323792010303
0.6244200418273047
person
[[195.90712  104.353546  68.44501   89.5317  ]
 [195.01506  133.13127  109.94768  134.7424  ]
 [198.6381   131.10637  167.89027  242.42357 ]]
[[231.  129.5  94.  137. ]]
0.27206292384392555
0.4600997856131861
0.31640843381391703
0.0
2
horse
[[247.45717 218.24457 211.53851 224.6699 ]
 [253.01135 213.77472 342.87073 377.18707]]
[[245.5 206.  313.  258. ]]
0.5885323792010303
0.6244200418273047
person
[[195.90712  104.353546  68.44501   89.5317  ]
 [195.01506  133.13127  109.94768  134.7424  ]
 [198.6381   131.10637  167.89027  242.42357 ]]
[[231.  129.5  94.  137. ]]
0.27206292384392555
0.4600997856131861
0.31640843381391703
0.0
